app/build/intermediates/manifest_merge_blame_file/release/manifest-merger-blame-release-report.txt
1<?xml version="1.0" encoding="utf-8"?>
2<manifest xmlns:android="http://schemas.android.com/apk/res/android"
3    package="com.mobile.maahita"
4    android:versionCode="13"
5    android:versionName="2.0" >
6
7    <uses-sdk
8        android:minSdkVersion="23"
8-->src/main/AndroidManifest.xml
9        android:targetSdkVersion="29" />
9-->src/main/AndroidManifest.xml
10
11    <uses-feature
11-->src/main/AndroidManifest.xml:6:5-8:36
12        android:name="android.hardware.camera"
12-->src/main/AndroidManifest.xml:7:9-47
13        android:required="false" />
13-->src/main/AndroidManifest.xml:8:9-33
14
15    <uses-permission android:name="android.permission.CAMERA" />
15-->src/main/AndroidManifest.xml:10:5-65
15-->src/main/AndroidManifest.xml:10:22-62
16    <uses-permission android:name="android.permission.READ_CALENDAR" />
16-->src/main/AndroidManifest.xml:11:5-72
16-->src/main/AndroidManifest.xml:11:22-69
17    <uses-permission android:name="android.permission.WRITE_CALENDAR" />
17-->src/main/AndroidManifest.xml:12:5-73
17-->src/main/AndroidManifest.xml:12:22-70
18    <uses-permission android:name="android.permission.READ_EXTERNAL_STORAGE" />
18-->src/main/AndroidManifest.xml:13:5-80
18-->src/main/AndroidManifest.xml:13:22-77
19
20    <!-- XXX ACCESS_NETWORK_STATE is required by WebRTC. -->
21    <uses-permission android:name="android.permission.ACCESS_NETWORK_STATE" />
21-->[org.jitsi.react:jitsi-meet-sdk:2.9.0] AndroidManifest.xml:9:5-79
21-->[org.jitsi.react:jitsi-meet-sdk:2.9.0] AndroidManifest.xml:9:22-76
22    <uses-permission android:name="android.permission.BLUETOOTH" />
22-->[org.jitsi.react:jitsi-meet-sdk:2.9.0] AndroidManifest.xml:10:5-68
22-->[org.jitsi.react:jitsi-meet-sdk:2.9.0] AndroidManifest.xml:10:22-65
23    <uses-permission android:name="android.permission.INTERNET" />
23-->[org.jitsi.react:jitsi-meet-sdk:2.9.0] AndroidManifest.xml:12:5-67
23-->[org.jitsi.react:jitsi-meet-sdk:2.9.0] AndroidManifest.xml:12:22-64
24    <uses-permission android:name="android.permission.MANAGE_OWN_CALLS" />
24-->[org.jitsi.react:jitsi-meet-sdk:2.9.0] AndroidManifest.xml:13:5-75
24-->[org.jitsi.react:jitsi-meet-sdk:2.9.0] AndroidManifest.xml:13:22-72
25    <uses-permission android:name="android.permission.MODIFY_AUDIO_SETTINGS" />
25-->[org.jitsi.react:jitsi-meet-sdk:2.9.0] AndroidManifest.xml:14:5-80
25-->[org.jitsi.react:jitsi-meet-sdk:2.9.0] AndroidManifest.xml:14:22-77
26    <uses-permission android:name="android.permission.RECORD_AUDIO" />
26-->[org.jitsi.react:jitsi-meet-sdk:2.9.0] AndroidManifest.xml:15:5-71
26-->[org.jitsi.react:jitsi-meet-sdk:2.9.0] AndroidManifest.xml:15:22-68
27    <uses-permission android:name="android.permission.SYSTEM_ALERT_WINDOW" />
27-->[org.jitsi.react:jitsi-meet-sdk:2.9.0] AndroidManifest.xml:16:5-78
27-->[org.jitsi.react:jitsi-meet-sdk:2.9.0] AndroidManifest.xml:16:22-75
28    <uses-permission android:name="android.permission.WAKE_LOCK" />
28-->[org.jitsi.react:jitsi-meet-sdk:2.9.0] AndroidManifest.xml:17:5-68
28-->[org.jitsi.react:jitsi-meet-sdk:2.9.0] AndroidManifest.xml:17:22-65
29    <uses-permission android:name="android.permission.ACCESS_WIFI_STATE" />
29-->[org.jitsi.react:jitsi-meet-sdk:2.9.0] AndroidManifest.xml:18:5-76
29-->[org.jitsi.react:jitsi-meet-sdk:2.9.0] AndroidManifest.xml:18:22-73
30    <uses-permission android:name="android.permission.FOREGROUND_SERVICE" />
30-->[org.jitsi.react:jitsi-meet-sdk:2.9.0] AndroidManifest.xml:19:5-77
30-->[org.jitsi.react:jitsi-meet-sdk:2.9.0] AndroidManifest.xml:19:22-74
31
32    <uses-feature
32-->[org.jitsi.react:jitsi-meet-sdk:2.9.0] AndroidManifest.xml:21:5-23:35
33        android:glEsVersion="0x00020000"
33-->[org.jitsi.react:jitsi-meet-sdk:2.9.0] AndroidManifest.xml:22:9-41
34        android:required="true" />
34-->[org.jitsi.react:jitsi-meet-sdk:2.9.0] AndroidManifest.xml:23:9-32
35    <uses-feature
35-->[org.jitsi.react:jitsi-meet-sdk:2.9.0] AndroidManifest.xml:27:5-29:36
36        android:name="android.hardware.camera.autofocus"
36-->[org.jitsi.react:jitsi-meet-sdk:2.9.0] AndroidManifest.xml:28:9-57
37        android:required="false" /> <!-- Required by older versions of Google Play services to create IID tokens -->
37-->[org.jitsi.react:jitsi-meet-sdk:2.9.0] AndroidManifest.xml:29:9-33
38    <uses-permission android:name="com.google.android.c2dm.permission.RECEIVE" />
38-->[com.google.firebase:firebase-iid:20.2.1] AndroidManifest.xml:26:5-82
38-->[com.google.firebase:firebase-iid:20.2.1] AndroidManifest.xml:26:22-79
39    <uses-permission android:name="com.google.android.finsky.permission.BIND_GET_INSTALL_REFERRER_SERVICE" />
39-->[com.google.android.gms:play-services-measurement:17.4.3] AndroidManifest.xml:26:5-110
39-->[com.google.android.gms:play-services-measurement:17.4.3] AndroidManifest.xml:26:22-107
40
41    <application
41-->src/main/AndroidManifest.xml:15:5-58:19
42        android:allowBackup="true"
42-->src/main/AndroidManifest.xml:16:9-35
43        android:appComponentFactory="androidx.core.app.CoreComponentFactory"
43-->[androidx.core:core:1.3.0] AndroidManifest.xml:24:18-86
44        android:extractNativeLibs="false"
45        android:icon="@mipmap/ic_launcher"
45-->src/main/AndroidManifest.xml:17:9-43
46        android:label="@string/app_name"
46-->src/main/AndroidManifest.xml:18:9-41
47        android:resizeableActivity="true"
47-->src/main/AndroidManifest.xml:19:9-42
48        android:roundIcon="@mipmap/ic_launcher_round"
48-->src/main/AndroidManifest.xml:20:9-54
49        android:supportsPictureInPicture="false"
49-->src/main/AndroidManifest.xml:21:9-49
50        android:supportsRtl="true"
50-->src/main/AndroidManifest.xml:22:9-35
51        android:theme="@style/AppTheme" >
51-->src/main/AndroidManifest.xml:23:9-40
52        <meta-data
52-->src/main/AndroidManifest.xml:25:9-27:63
53            android:name="com.google.firebase.messaging.default_notification_icon"
53-->src/main/AndroidManifest.xml:26:13-83
54            android:resource="@drawable/ic_stat_notif_icon" />
54-->src/main/AndroidManifest.xml:27:13-60
55        <meta-data
55-->src/main/AndroidManifest.xml:28:9-30:58
56            android:name="com.google.firebase.messaging.default_notification_color"
56-->src/main/AndroidManifest.xml:29:13-84
57            android:resource="@color/colorPrimaryDark" />
57-->src/main/AndroidManifest.xml:30:13-55
58        <meta-data
58-->src/main/AndroidManifest.xml:31:9-33:68
59            android:name="com.google.firebase.messaging.default_notification_channel_id"
59-->src/main/AndroidManifest.xml:32:13-89
60            android:value="@string/maahita_notification_channel" />
60-->src/main/AndroidManifest.xml:33:13-65
61
62        <activity
62-->src/main/AndroidManifest.xml:35:9-50:20
63            android:name="com.mobile.maahita.MainActivity"
63-->src/main/AndroidManifest.xml:36:13-41
64            android:windowSoftInputMode="adjustPan|adjustResize" >
64-->src/main/AndroidManifest.xml:37:13-65
65            <intent-filter>
65-->src/main/AndroidManifest.xml:38:13-41:29
66                <action android:name="android.intent.action.MAIN" />
66-->src/main/AndroidManifest.xml:39:17-69
66-->src/main/AndroidManifest.xml:39:25-66
67
68                <category android:name="android.intent.category.LAUNCHER" />
68-->src/main/AndroidManifest.xml:40:17-77
68-->src/main/AndroidManifest.xml:40:27-74
69            </intent-filter>
70            <intent-filter>
70-->src/main/AndroidManifest.xml:42:13-49:29
71                <action android:name="android.intent.action.VIEW" />
71-->src/main/AndroidManifest.xml:43:17-69
71-->src/main/AndroidManifest.xml:43:25-66
72
73                <category android:name="android.intent.category.DEFAULT" />
73-->src/main/AndroidManifest.xml:44:17-76
73-->src/main/AndroidManifest.xml:44:27-73
74                <category android:name="android.intent.category.BROWSABLE" />
74-->src/main/AndroidManifest.xml:45:17-78
74-->src/main/AndroidManifest.xml:45:27-75
75
76                <data
76-->src/main/AndroidManifest.xml:46:17-48:57
77                    android:host="mobile.maahita.com"
77-->src/main/AndroidManifest.xml:48:21-54
78                    android:scheme="https" />
78-->src/main/AndroidManifest.xml:47:21-43
79            </intent-filter>
80        </activity>
81
82        <service
82-->src/main/AndroidManifest.xml:51:9-57:19
83            android:name="com.mobile.maahita.MaahitaMessagingService"
83-->src/main/AndroidManifest.xml:52:13-52
84            android:exported="true" >
84-->src/main/AndroidManifest.xml:53:13-36
85            <intent-filter>
85-->src/main/AndroidManifest.xml:54:13-56:29
86                <action android:name="com.google.firebase.MESSAGING_EVENT" />
86-->src/main/AndroidManifest.xml:55:17-78
86-->src/main/AndroidManifest.xml:55:25-75
87            </intent-filter>
88        </service>
89        <service
89-->[com.google.firebase:firebase-firestore-ktx:21.4.3] AndroidManifest.xml:12:9-18:19
90            android:name="com.google.firebase.components.ComponentDiscoveryService"
90-->[com.google.firebase:firebase-firestore-ktx:21.4.3] AndroidManifest.xml:13:13-84
91            android:directBootAware="true"
91-->[com.google.firebase:firebase-common:19.3.0] AndroidManifest.xml:34:13-43
92            android:exported="false" >
92-->[com.google.firebase:firebase-firestore-ktx:21.4.3] AndroidManifest.xml:14:13-37
93            <meta-data
93-->[com.google.firebase:firebase-firestore-ktx:21.4.3] AndroidManifest.xml:15:13-17:85
94                android:name="com.google.firebase.components:com.google.firebase.firestore.ktx.FirebaseFirestoreKtxRegistrar"
94-->[com.google.firebase:firebase-firestore-ktx:21.4.3] AndroidManifest.xml:16:17-126
95                android:value="com.google.firebase.components.ComponentRegistrar" />
95-->[com.google.firebase:firebase-firestore-ktx:21.4.3] AndroidManifest.xml:17:17-82
96            <meta-data
96-->[com.google.firebase:firebase-storage-ktx:19.1.1] AndroidManifest.xml:15:13-17:85
97                android:name="com.google.firebase.components:com.google.firebase.storage.ktx.FirebaseStorageKtxRegistrar"
97-->[com.google.firebase:firebase-storage-ktx:19.1.1] AndroidManifest.xml:16:17-122
98                android:value="com.google.firebase.components.ComponentRegistrar" />
98-->[com.google.firebase:firebase-storage-ktx:19.1.1] AndroidManifest.xml:17:17-82
99            <meta-data
99-->[com.google.firebase:firebase-inappmessaging-display-ktx:19.0.7] AndroidManifest.xml:15:13-17:85
100                android:name="com.google.firebase.components:com.google.firebase.inappmessaging.display.ktx.FirebaseInAppMessagingDisplayKtxRegistrar"
100-->[com.google.firebase:firebase-inappmessaging-display-ktx:19.0.7] AndroidManifest.xml:16:17-151
101                android:value="com.google.firebase.components.ComponentRegistrar" />
101-->[com.google.firebase:firebase-inappmessaging-display-ktx:19.0.7] AndroidManifest.xml:17:17-82
102            <meta-data
102-->[com.google.firebase:firebase-dynamic-links-ktx:19.1.0] AndroidManifest.xml:28:13-30:85
103                android:name="com.google.firebase.components:com.google.firebase.dynamiclinks.ktx.FirebaseDynamicLinksRegistrar"
103-->[com.google.firebase:firebase-dynamic-links-ktx:19.1.0] AndroidManifest.xml:29:17-129
104                android:value="com.google.firebase.components.ComponentRegistrar" />
104-->[com.google.firebase:firebase-dynamic-links-ktx:19.1.0] AndroidManifest.xml:30:17-82
105            <meta-data
105-->[com.google.firebase:firebase-common-ktx:19.3.0] AndroidManifest.xml:15:13-17:85
106                android:name="com.google.firebase.components:com.google.firebase.ktx.FirebaseCommonKtxRegistrar"
106-->[com.google.firebase:firebase-common-ktx:19.3.0] AndroidManifest.xml:16:17-113
107                android:value="com.google.firebase.components.ComponentRegistrar" />
107-->[com.google.firebase:firebase-common-ktx:19.3.0] AndroidManifest.xml:17:17-82
108            <meta-data
108-->[com.google.firebase:firebase-inappmessaging-display:19.0.7] AndroidManifest.xml:18:13-20:85
109                android:name="com.google.firebase.components:com.google.firebase.inappmessaging.display.FirebaseInAppMessagingDisplayRegistrar"
109-->[com.google.firebase:firebase-inappmessaging-display:19.0.7] AndroidManifest.xml:19:17-144
110                android:value="com.google.firebase.components.ComponentRegistrar" />
110-->[com.google.firebase:firebase-inappmessaging-display:19.0.7] AndroidManifest.xml:20:17-82
111            <meta-data
111-->[com.google.firebase:firebase-messaging:20.2.1] AndroidManifest.xml:39:13-41:85
112                android:name="com.google.firebase.components:com.google.firebase.messaging.FirebaseMessagingRegistrar"
112-->[com.google.firebase:firebase-messaging:20.2.1] AndroidManifest.xml:40:17-119
113                android:value="com.google.firebase.components.ComponentRegistrar" />
113-->[com.google.firebase:firebase-messaging:20.2.1] AndroidManifest.xml:41:17-82
114            <meta-data
114-->[com.google.firebase:firebase-auth:19.3.1] AndroidManifest.xml:36:13-38:85
115                android:name="com.google.firebase.components:com.google.firebase.auth.FirebaseAuthRegistrar"
115-->[com.google.firebase:firebase-auth:19.3.1] AndroidManifest.xml:37:17-109
116                android:value="com.google.firebase.components.ComponentRegistrar" />
116-->[com.google.firebase:firebase-auth:19.3.1] AndroidManifest.xml:38:17-82
117            <meta-data
117-->[com.google.firebase:firebase-firestore:21.4.3] AndroidManifest.xml:20:13-22:85
118                android:name="com.google.firebase.components:com.google.firebase.firestore.FirestoreRegistrar"
118-->[com.google.firebase:firebase-firestore:21.4.3] AndroidManifest.xml:21:17-111
119                android:value="com.google.firebase.components.ComponentRegistrar" />
119-->[com.google.firebase:firebase-firestore:21.4.3] AndroidManifest.xml:22:17-82
120            <meta-data
120-->[com.google.firebase:firebase-storage:19.1.1] AndroidManifest.xml:33:13-35:85
121                android:name="com.google.firebase.components:com.google.firebase.storage.StorageRegistrar"
121-->[com.google.firebase:firebase-storage:19.1.1] AndroidManifest.xml:34:17-107
122                android:value="com.google.firebase.components.ComponentRegistrar" />
122-->[com.google.firebase:firebase-storage:19.1.1] AndroidManifest.xml:35:17-82
123            <meta-data
123-->[com.google.firebase:firebase-dynamic-links:19.1.0] AndroidManifest.xml:9:13-11:85
124                android:name="com.google.firebase.components:com.google.firebase.dynamiclinks.internal.FirebaseDynamicLinkRegistrar"
124-->[com.google.firebase:firebase-dynamic-links:19.1.0] AndroidManifest.xml:10:17-133
125                android:value="com.google.firebase.components.ComponentRegistrar" />
125-->[com.google.firebase:firebase-dynamic-links:19.1.0] AndroidManifest.xml:11:17-82
126            <meta-data
126-->[com.google.android.gms:play-services-measurement-api:17.4.3] AndroidManifest.xml:30:13-32:85
127                android:name="com.google.firebase.components:com.google.firebase.analytics.connector.internal.AnalyticsConnectorRegistrar"
127-->[com.google.android.gms:play-services-measurement-api:17.4.3] AndroidManifest.xml:31:17-139
128                android:value="com.google.firebase.components.ComponentRegistrar" />
128-->[com.google.android.gms:play-services-measurement-api:17.4.3] AndroidManifest.xml:32:17-82
129            <meta-data
129-->[com.google.firebase:firebase-iid:20.2.1] AndroidManifest.xml:32:13-34:85
130                android:name="com.google.firebase.components:com.google.firebase.iid.Registrar"
130-->[com.google.firebase:firebase-iid:20.2.1] AndroidManifest.xml:33:17-96
131                android:value="com.google.firebase.components.ComponentRegistrar" />
131-->[com.google.firebase:firebase-iid:20.2.1] AndroidManifest.xml:34:17-82
132            <meta-data
132-->[com.google.firebase:firebase-inappmessaging:19.0.7] AndroidManifest.xml:17:13-19:85
133                android:name="com.google.firebase.components:com.google.firebase.inappmessaging.FirebaseInAppMessagingRegistrar"
133-->[com.google.firebase:firebase-inappmessaging:19.0.7] AndroidManifest.xml:18:17-129
134                android:value="com.google.firebase.components.ComponentRegistrar" />
134-->[com.google.firebase:firebase-inappmessaging:19.0.7] AndroidManifest.xml:19:17-82
135            <meta-data
135-->[com.google.firebase:firebase-installations:16.3.2] AndroidManifest.xml:17:13-19:85
136                android:name="com.google.firebase.components:com.google.firebase.installations.FirebaseInstallationsRegistrar"
136-->[com.google.firebase:firebase-installations:16.3.2] AndroidManifest.xml:18:17-127
137                android:value="com.google.firebase.components.ComponentRegistrar" />
137-->[com.google.firebase:firebase-installations:16.3.2] AndroidManifest.xml:19:17-82
138            <meta-data
138-->[com.google.firebase:firebase-datatransport:17.0.5] AndroidManifest.xml:28:13-30:85
139                android:name="com.google.firebase.components:com.google.firebase.datatransport.TransportRegistrar"
139-->[com.google.firebase:firebase-datatransport:17.0.5] AndroidManifest.xml:29:17-115
140                android:value="com.google.firebase.components.ComponentRegistrar" />
140-->[com.google.firebase:firebase-datatransport:17.0.5] AndroidManifest.xml:30:17-82
141            <meta-data
141-->[com.google.firebase:firebase-abt:19.0.1] AndroidManifest.xml:13:13-15:85
142                android:name="com.google.firebase.components:com.google.firebase.abt.component.AbtRegistrar"
142-->[com.google.firebase:firebase-abt:19.0.1] AndroidManifest.xml:14:17-109
143                android:value="com.google.firebase.components.ComponentRegistrar" />
143-->[com.google.firebase:firebase-abt:19.0.1] AndroidManifest.xml:15:17-82
144        </service>
145
146        <activity
146-->[org.jitsi.react:jitsi-meet-sdk:2.9.0] AndroidManifest.xml:35:9-42:20
147            android:name="org.jitsi.meet.sdk.JitsiMeetActivity"
147-->[org.jitsi.react:jitsi-meet-sdk:2.9.0] AndroidManifest.xml:36:13-64
148            android:configChanges="keyboard|keyboardHidden|orientation|screenLayout|screenSize|smallestScreenSize"
148-->[org.jitsi.react:jitsi-meet-sdk:2.9.0] AndroidManifest.xml:37:13-115
149            android:launchMode="singleTask"
149-->[org.jitsi.react:jitsi-meet-sdk:2.9.0] AndroidManifest.xml:38:13-44
150            android:resizeableActivity="true"
150-->[org.jitsi.react:jitsi-meet-sdk:2.9.0] AndroidManifest.xml:39:13-46
151            android:supportsPictureInPicture="true"
151-->[org.jitsi.react:jitsi-meet-sdk:2.9.0] AndroidManifest.xml:40:13-52
152            android:windowSoftInputMode="adjustResize" >
152-->[org.jitsi.react:jitsi-meet-sdk:2.9.0] AndroidManifest.xml:41:13-55
153        </activity>
154        <activity android:name="com.facebook.react.devsupport.DevSettingsActivity" />
154-->[org.jitsi.react:jitsi-meet-sdk:2.9.0] AndroidManifest.xml:43:9-86
154-->[org.jitsi.react:jitsi-meet-sdk:2.9.0] AndroidManifest.xml:43:19-83
155
156        <service
156-->[org.jitsi.react:jitsi-meet-sdk:2.9.0] AndroidManifest.xml:45:9-51:19
157            android:name="org.jitsi.meet.sdk.ConnectionService"
157-->[org.jitsi.react:jitsi-meet-sdk:2.9.0] AndroidManifest.xml:46:13-64
158            android:permission="android.permission.BIND_TELECOM_CONNECTION_SERVICE" >
158-->[org.jitsi.react:jitsi-meet-sdk:2.9.0] AndroidManifest.xml:47:13-84
159            <intent-filter>
159-->[org.jitsi.react:jitsi-meet-sdk:2.9.0] AndroidManifest.xml:48:13-50:29
160                <action android:name="android.telecom.ConnectionService" />
160-->[org.jitsi.react:jitsi-meet-sdk:2.9.0] AndroidManifest.xml:49:17-76
160-->[org.jitsi.react:jitsi-meet-sdk:2.9.0] AndroidManifest.xml:49:25-73
161            </intent-filter>
162        </service>
163        <service android:name="org.jitsi.meet.sdk.JitsiMeetOngoingConferenceService" />
163-->[org.jitsi.react:jitsi-meet-sdk:2.9.0] AndroidManifest.xml:52:9-88
163-->[org.jitsi.react:jitsi-meet-sdk:2.9.0] AndroidManifest.xml:52:18-85
164
165        <provider
165-->[com.facebook.react:react-native-webview:7.4.1-jitsi-4429568] AndroidManifest.xml:12:9-20:20
166            android:name="com.reactnativecommunity.webview.RNCWebViewFileProvider"
166-->[com.facebook.react:react-native-webview:7.4.1-jitsi-4429568] AndroidManifest.xml:13:13-83
167            android:authorities="com.mobile.maahita.fileprovider"
167-->[com.facebook.react:react-native-webview:7.4.1-jitsi-4429568] AndroidManifest.xml:14:13-64
168            android:exported="false"
168-->[com.facebook.react:react-native-webview:7.4.1-jitsi-4429568] AndroidManifest.xml:15:13-37
169            android:grantUriPermissions="true" >
169-->[com.facebook.react:react-native-webview:7.4.1-jitsi-4429568] AndroidManifest.xml:16:13-47
170            <meta-data
170-->[com.facebook.react:react-native-webview:7.4.1-jitsi-4429568] AndroidManifest.xml:17:13-19:63
171                android:name="android.support.FILE_PROVIDER_PATHS"
171-->[com.facebook.react:react-native-webview:7.4.1-jitsi-4429568] AndroidManifest.xml:18:17-67
172                android:resource="@xml/file_provider_paths" />
172-->[com.facebook.react:react-native-webview:7.4.1-jitsi-4429568] AndroidManifest.xml:19:17-60
173        </provider>
174        <provider
174-->[com.squareup.picasso:picasso:2.71828] AndroidManifest.xml:8:9-11:40
175            android:name="com.squareup.picasso.PicassoProvider"
175-->[com.squareup.picasso:picasso:2.71828] AndroidManifest.xml:9:13-64
176            android:authorities="com.mobile.maahita.com.squareup.picasso"
176-->[com.squareup.picasso:picasso:2.71828] AndroidManifest.xml:10:13-72
177            android:exported="false" />
177-->[com.squareup.picasso:picasso:2.71828] AndroidManifest.xml:11:13-37
178        <provider
178-->[androidx.lifecycle:lifecycle-process:2.2.0] AndroidManifest.xml:25:9-29:43
179            android:name="androidx.lifecycle.ProcessLifecycleOwnerInitializer"
179-->[androidx.lifecycle:lifecycle-process:2.2.0] AndroidManifest.xml:26:13-79
180            android:authorities="com.mobile.maahita.lifecycle-process"
180-->[androidx.lifecycle:lifecycle-process:2.2.0] AndroidManifest.xml:27:13-69
181            android:exported="false"
181-->[androidx.lifecycle:lifecycle-process:2.2.0] AndroidManifest.xml:28:13-37
182            android:multiprocess="true" />
182-->[androidx.lifecycle:lifecycle-process:2.2.0] AndroidManifest.xml:29:13-40
183        <!--
184             FirebaseMessagingService performs security checks at runtime,
185             but set to not exported to explicitly avoid allowing another app to call it.
186        -->
187        <service
187-->[com.google.firebase:firebase-messaging:20.2.1] AndroidManifest.xml:28:9-35:19
188            android:name="com.google.firebase.messaging.FirebaseMessagingService"
188-->[com.google.firebase:firebase-messaging:20.2.1] AndroidManifest.xml:29:13-82
189            android:directBootAware="true"
189-->[com.google.firebase:firebase-messaging:20.2.1] AndroidManifest.xml:30:13-43
190            android:exported="false" >
190-->[com.google.firebase:firebase-messaging:20.2.1] AndroidManifest.xml:31:13-37
191            <intent-filter android:priority="-500" >
191-->src/main/AndroidManifest.xml:54:13-56:29
192                <action android:name="com.google.firebase.MESSAGING_EVENT" />
192-->src/main/AndroidManifest.xml:55:17-78
192-->src/main/AndroidManifest.xml:55:25-75
193            </intent-filter>
194        </service>
195
196        <activity
196-->[com.google.firebase:firebase-auth:19.3.1] AndroidManifest.xml:24:9-31:50
197            android:name="com.google.firebase.auth.internal.FederatedSignInActivity"
197-->[com.google.firebase:firebase-auth:19.3.1] AndroidManifest.xml:25:13-85
198            android:excludeFromRecents="true"
198-->[com.google.firebase:firebase-auth:19.3.1] AndroidManifest.xml:26:13-46
199            android:exported="true"
199-->[com.google.firebase:firebase-auth:19.3.1] AndroidManifest.xml:27:13-36
200            android:launchMode="singleTask"
200-->[com.google.firebase:firebase-auth:19.3.1] AndroidManifest.xml:28:13-44
201            android:permission="com.google.firebase.auth.api.gms.permission.LAUNCH_FEDERATED_SIGN_IN"
201-->[com.google.firebase:firebase-auth:19.3.1] AndroidManifest.xml:29:13-102
202            android:theme="@android:style/Theme.Translucent.NoTitleBar" />
202-->[com.google.firebase:firebase-auth:19.3.1] AndroidManifest.xml:30:13-72
203        <activity
203-->[com.google.android.gms:play-services-auth:17.0.0] AndroidManifest.xml:23:9-27:75
204            android:name="com.google.android.gms.auth.api.signin.internal.SignInHubActivity"
204-->[com.google.android.gms:play-services-auth:17.0.0] AndroidManifest.xml:24:13-93
205            android:excludeFromRecents="true"
205-->[com.google.android.gms:play-services-auth:17.0.0] AndroidManifest.xml:25:13-46
206            android:exported="false"
206-->[com.google.android.gms:play-services-auth:17.0.0] AndroidManifest.xml:26:13-37
207            android:theme="@android:style/Theme.Translucent.NoTitleBar" />
207-->[com.google.android.gms:play-services-auth:17.0.0] AndroidManifest.xml:27:13-72
208        <!--
209            Service handling Google Sign-In user revocation. For apps that do not integrate with
210            Google Sign-In, this service will never be started.
211        -->
212        <service
212-->[com.google.android.gms:play-services-auth:17.0.0] AndroidManifest.xml:33:9-36:110
213            android:name="com.google.android.gms.auth.api.signin.RevocationBoundService"
213-->[com.google.android.gms:play-services-auth:17.0.0] AndroidManifest.xml:34:13-89
214            android:exported="true"
214-->[com.google.android.gms:play-services-auth:17.0.0] AndroidManifest.xml:35:13-36
215            android:permission="com.google.android.gms.auth.api.signin.permission.REVOCATION_NOTIFICATION" />
215-->[com.google.android.gms:play-services-auth:17.0.0] AndroidManifest.xml:36:13-107
216
217        <receiver
217-->[com.google.firebase:firebase-iid:20.2.1] AndroidManifest.xml:37:9-44:20
218            android:name="com.google.firebase.iid.FirebaseInstanceIdReceiver"
218-->[com.google.firebase:firebase-iid:20.2.1] AndroidManifest.xml:38:13-78
219            android:exported="true"
219-->[com.google.firebase:firebase-iid:20.2.1] AndroidManifest.xml:39:13-36
220            android:permission="com.google.android.c2dm.permission.SEND" >
220-->[com.google.firebase:firebase-iid:20.2.1] AndroidManifest.xml:40:13-73
221            <intent-filter>
221-->[com.google.firebase:firebase-iid:20.2.1] AndroidManifest.xml:41:13-43:29
222                <action android:name="com.google.android.c2dm.intent.RECEIVE" />
222-->[com.google.firebase:firebase-iid:20.2.1] AndroidManifest.xml:42:17-81
222-->[com.google.firebase:firebase-iid:20.2.1] AndroidManifest.xml:42:25-78
223            </intent-filter>
224        </receiver>
225
226        <activity
226-->[com.google.android.gms:play-services-base:17.1.0] AndroidManifest.xml:23:9-26:75
227            android:name="com.google.android.gms.common.api.GoogleApiActivity"
227-->[com.google.android.gms:play-services-base:17.1.0] AndroidManifest.xml:24:13-79
228            android:exported="false"
228-->[com.google.android.gms:play-services-base:17.1.0] AndroidManifest.xml:25:13-37
229            android:theme="@android:style/Theme.Translucent.NoTitleBar" />
229-->[com.google.android.gms:play-services-base:17.1.0] AndroidManifest.xml:26:13-72
230
231        <receiver
231-->[com.google.android.gms:play-services-measurement:17.4.3] AndroidManifest.xml:29:9-33:20
232            android:name="com.google.android.gms.measurement.AppMeasurementReceiver"
232-->[com.google.android.gms:play-services-measurement:17.4.3] AndroidManifest.xml:30:13-85
233            android:enabled="true"
233-->[com.google.android.gms:play-services-measurement:17.4.3] AndroidManifest.xml:31:13-35
234            android:exported="false" >
234-->[com.google.android.gms:play-services-measurement:17.4.3] AndroidManifest.xml:32:13-37
235        </receiver>
236
237        <service
237-->[com.google.android.gms:play-services-measurement:17.4.3] AndroidManifest.xml:35:9-38:40
238            android:name="com.google.android.gms.measurement.AppMeasurementService"
238-->[com.google.android.gms:play-services-measurement:17.4.3] AndroidManifest.xml:36:13-84
239            android:enabled="true"
239-->[com.google.android.gms:play-services-measurement:17.4.3] AndroidManifest.xml:37:13-35
240            android:exported="false" />
240-->[com.google.android.gms:play-services-measurement:17.4.3] AndroidManifest.xml:38:13-37
241        <service
241-->[com.google.android.gms:play-services-measurement:17.4.3] AndroidManifest.xml:39:9-43:72
242            android:name="com.google.android.gms.measurement.AppMeasurementJobService"
242-->[com.google.android.gms:play-services-measurement:17.4.3] AndroidManifest.xml:40:13-87
243            android:enabled="true"
243-->[com.google.android.gms:play-services-measurement:17.4.3] AndroidManifest.xml:41:13-35
244            android:exported="false"
244-->[com.google.android.gms:play-services-measurement:17.4.3] AndroidManifest.xml:42:13-37
245            android:permission="android.permission.BIND_JOB_SERVICE" />
245-->[com.google.android.gms:play-services-measurement:17.4.3] AndroidManifest.xml:43:13-69
246
247        <provider
247-->[com.google.firebase:firebase-common:19.3.0] AndroidManifest.xml:26:9-30:39
248            android:name="com.google.firebase.provider.FirebaseInitProvider"
248-->[com.google.firebase:firebase-common:19.3.0] AndroidManifest.xml:27:13-77
249            android:authorities="com.mobile.maahita.firebaseinitprovider"
249-->[com.google.firebase:firebase-common:19.3.0] AndroidManifest.xml:28:13-72
250            android:exported="false"